Parámetros faltantes
Valores no numéricos recibidos
Intento de acceso sin JSON
Parámetros faltantes
Valores no numéricos recibidos
Parámetros faltantes
Valores no numéricos recibidos
Intento de acceso sin JSON
Parámetros faltantes
Valores no numéricos recibidos
Parámetros faltantes
Valores no numéricos recibidos
Intento de acceso sin JSON
Parámetros faltantes
Valores no numéricos recibidos
Parámetros faltantes
Valores no numéricos recibidos
Intento de acceso sin JSON
Parámetros faltantes
Valores no numéricos recibidos
Parámetros faltantes
Valores no numéricos recibidos
Intento de acceso sin JSON
Parámetros faltantes
Valores no numéricos recibidos
Parámetros faltantes
Valores no numéricos recibidos
Intento de acceso sin JSON
Parámetros faltantes
Valores no numéricos recibidos
Método no permitido: GET en /suma
Valores no numéricos recibidos
Valores no numéricos recibidos
Parámetros faltantes
Intento de acceso sin JSON
Valores no numéricos recibidos
Intento de acceso a ruta no existente: /ruta-inexistente
Método no permitido: GET en /suma
Parámetros faltantes
Intento de acceso sin JSON
Valores no numéricos recibidos
Intento de acceso a ruta no existente: /ruta-inexistente
Método no permitido: GET en /suma
Parámetros faltantes
Intento de acceso sin JSON
Valores no numéricos recibidos
Intento de acceso a ruta no existente: /ruta-inexistente
Método no permitido: GET en /suma
Parámetros faltantes
Intento de acceso sin JSON
Valores no numéricos recibidos
Intento de acceso a ruta no existente: /ruta-inexistente
Método no permitido: GET en /suma
Parámetros faltantes
Intento de acceso sin JSON
Valores no numéricos recibidos
Intento de acceso a ruta no existente: /ruta-inexistente
Método no permitido: GET en /suma
Parámetros faltantes
Intento de acceso sin JSON
Valores no numéricos recibidos
Intento de acceso a ruta no existente: /ruta-inexistente
Método no permitido: GET en /suma
Parámetros faltantes
Intento de acceso sin JSON
Valores no numéricos recibidos
Intento de acceso a ruta no existente: /ruta-inexistente
Método no permitido: GET en /suma
Parámetros faltantes
Intento de acceso sin JSON
Valores no numéricos recibidos
Intento de acceso a ruta no existente: /ruta-inexistente
Método no permitido: GET en /suma
Parámetros faltantes
Intento de acceso sin JSON
Valores no numéricos recibidos
Intento de acceso a ruta no existente: /ruta-inexistente
Método no permitido: GET en /suma
Parámetros faltantes
Intento de acceso sin JSON
Valores no numéricos recibidos
Intento de acceso a ruta no existente: /ruta-inexistente
Método no permitido: GET en /suma
Parámetros faltantes
Intento de acceso sin JSON
Valores no numéricos recibidos
Intento de acceso a ruta no existente: /ruta-inexistente
Método no permitido: GET en /suma
2025-06-21 20:39:44,556 - app - WARNING - Modo testing - configuracion de seguridad reducida
2025-06-21 20:39:44,595 - app - WARNING - Parámetros faltantes
2025-06-21 20:39:44,599 - app - WARNING - Intento de acceso sin JSON
2025-06-21 20:39:44,602 - app - WARNING - Valores no numéricos recibidos
2025-06-21 20:39:44,607 - app - WARNING - Intento de acceso a ruta no existente: /ruta-inexistente
2025-06-21 20:39:44,610 - app - WARNING - Método no permitido: GET en /suma
